08:59:05 **** Auto Build of configuration Debug for project fsbl_sd ****
make pre-build main-build 
a9-linaro-pre-build-step
' '
'Building file: ../src/main.c'
'Invoking: ARM v7 gcc compiler'
arm-none-eabi-gcc -Wall -O0 -g3 -I"C:\Users\murakar\xup\embedded\2015_2_zynq_labs\PS_PL_coop\PS_PL_coop.sdk\BRAM_test_wrapper_hw_platform_0" -c -fmessage-length=0 -MT"src/main.o" -mcpu=cortex-a9 -mfpu=vfpv3 -mfloat-abi=hard -I../../fsbl_sd_bsp/ps7_cortexa9_0/include -MMD -MP -MF"src/main.d" -MT"src/main.o" -o "src/main.o" "../src/main.c"
../src/main.c: In function 'loadFileFromSD':
../src/main.c:60:5: warning: implicit declaration of function 'Xil_DCacheInvalidateRange' [-Wimplicit-function-declaration]
     Xil_DCacheInvalidateRange(dst, fil.fsize);
     ^~~~~~~~~~~~~~~~~~~~~~~~~
'Finished building: ../src/main.c'
' '
'Building target: fsbl_sd.elf'
'Invoking: ARM v7 gcc linker'
arm-none-eabi-gcc -mcpu=cortex-a9 -mfpu=vfpv3 -mfloat-abi=hard -Wl,-build-id=none -specs=Xilinx.spec -Wl,-T -Wl,../src/lscript.ld -L../../fsbl_sd_bsp/ps7_cortexa9_0/lib -o "fsbl_sd.elf"  ./src/main.o   -lxilffs -Wl,--start-group,-lxil,-lgcc,-lc,--end-group -Wl,--start-group,-lxilffs,-lxil,-lgcc,-lc,--end-group -Wl,--start-group,-lrsa,-lxil,-lgcc,-lc,--end-group
./src/main.o: In function `loadFileFromSD':
C:\Users\murakar\xup\embedded\2015_2_zynq_labs\PS_PL_coop\PS_PL_coop.sdk\fsbl_sd\Debug/../src/main.c:28: undefined reference to `f_mount'
C:\Users\murakar\xup\embedded\2015_2_zynq_labs\PS_PL_coop\PS_PL_coop.sdk\fsbl_sd\Debug/../src/main.c:38: undefined reference to `f_open'
C:\Users\murakar\xup\embedded\2015_2_zynq_labs\PS_PL_coop\PS_PL_coop.sdk\fsbl_sd\Debug/../src/main.c:47: undefined reference to `f_lseek'
C:\Users\murakar\xup\embedded\2015_2_zynq_labs\PS_PL_coop\PS_PL_coop.sdk\fsbl_sd\Debug/../src/main.c:53: undefined reference to `f_read'
collect2.exe: error: ld returned 1 exit status
make: *** [fsbl_sd.elf] Error 1

08:59:06 Build Finished (took 1s.26ms)

