#-----------------------------------------------------------
# Webtalk v2018.2 (64-bit)
# SW Build 2258646 on Thu Jun 14 20:03:12 MDT 2018
# 
# Start of session at: Fri Feb  8 16:48:05 2019
# Process ID: 8864
# Current directory: C:/Users/murakar/xup/embedded/2015_2_zynq_labs/ECE530_final_project/ECE530_final_project.sdk/webtalk
# Command line: wbtcv.exe -mode batch -source sdk_webtalk.tcl
# Log file: C:/Users/murakar/xup/embedded/2015_2_zynq_labs/ECE530_final_project/ECE530_final_project.sdk/webtalk/webtalk.log
# Journal file: C:/Users/murakar/xup/embedded/2015_2_zynq_labs/ECE530_final_project/ECE530_final_project.sdk/webtalk\webtalk.jou
#-----------------------------------------------------------
source sdk_webtalk.tcl
# webtalk_init -webtalk_dir C:\\Users\\murakar\\xup\\embedded\\2015_2_zynq_labs\\ECE530_final_project\\ECE530_final_project.sdk\\webtalk
# webtalk_register_client -client project
# webtalk_add_data -client project -key date_generated -value "2019-02-08 16:48:03" -context "software_version_and_target_device"
# webtalk_add_data -client project -key product_version -value "SDK v2018.2" -context "software_version_and_target_device"
# webtalk_add_data -client project -key build_version -value "2018.2" -context "software_version_and_target_device"
# webtalk_add_data -client project -key os_platform -value "amd64" -context "software_version_and_target_device"
# webtalk_add_data -client project -key registration_id -value "211443915_0_0_223" -context "software_version_and_target_device"
# webtalk_add_data -client project -key tool_flow -value "SDK" -context "software_version_and_target_device"
# webtalk_add_data -client project -key beta -value "false" -context "software_version_and_target_device"
# webtalk_add_data -client project -key route_design -value "NA" -context "software_version_and_target_device"
# webtalk_add_data -client project -key target_family -value "NA" -context "software_version_and_target_device"
# webtalk_add_data -client project -key target_device -value "NA" -context "software_version_and_target_device"
# webtalk_add_data -client project -key target_package -value "NA" -context "software_version_and_target_device"
# webtalk_add_data -client project -key target_speed -value "NA" -context "software_version_and_target_device"
# webtalk_add_data -client project -key random_id -value "6q1qhubvdod1tr0v3tqoidilst" -context "software_version_and_target_device"
# webtalk_add_data -client project -key project_id -value "2018.2_20" -context "software_version_and_target_device"
# webtalk_add_data -client project -key project_iteration -value "20" -context "software_version_and_target_device"
# webtalk_add_data -client project -key os_name -value "Microsoft Windows 8 or later , 64-bit" -context "user_environment"
# webtalk_add_data -client project -key os_release -value "major release  (build 9200)" -context "user_environment"
# webtalk_add_data -client project -key cpu_name -value "Intel(R) Core(TM) i7-7820HQ CPU @ 2.90GHz" -context "user_environment"
# webtalk_add_data -client project -key cpu_speed -value "2904 MHz" -context "user_environment"
# webtalk_add_data -client project -key total_processors -value "1" -context "user_environment"
# webtalk_add_data -client project -key system_ram -value "17.022 GB" -context "user_environment"
# webtalk_register_client -client sdk
# webtalk_add_data -client sdk -key uid -value "1549661927572" -context "sdk\\\\hardware/1549661927572"
# webtalk_add_data -client sdk -key isZynq -value "true" -context "sdk\\\\hardware/1549661927572"
# webtalk_add_data -client sdk -key isZynqMP -value "false" -context "sdk\\\\hardware/1549661927572"
# webtalk_add_data -client sdk -key Processors -value "2" -context "sdk\\\\hardware/1549661927572"
# webtalk_add_data -client sdk -key VivadoVersion -value "2018.2" -context "sdk\\\\hardware/1549661927572"
# webtalk_add_data -client sdk -key Arch -value "zynq" -context "sdk\\\\hardware/1549661927572"
# webtalk_add_data -client sdk -key Device -value "7z010" -context "sdk\\\\hardware/1549661927572"
# webtalk_add_data -client sdk -key IsHandoff -value "true" -context "sdk\\\\hardware/1549661927572"
# webtalk_add_data -client sdk -key os -value "NA" -context "sdk\\\\hardware/1549661927572"
# webtalk_add_data -client sdk -key apptemplate -value "NA" -context "sdk\\\\hardware/1549661927572"
# webtalk_add_data -client sdk -key RecordType -value "HWCreation" -context "sdk\\\\hardware/1549661927572"
# webtalk_add_data -client sdk -key uid -value "1549662208647" -context "sdk\\\\bsp/1549662208647"
# webtalk_add_data -client sdk -key hwid -value "1549661927572" -context "sdk\\\\bsp/1549662208647"
# webtalk_add_data -client sdk -key os -value "standalone" -context "sdk\\\\bsp/1549662208647"
# webtalk_add_data -client sdk -key apptemplate -value "hello_world" -context "sdk\\\\bsp/1549662208647"
# webtalk_add_data -client sdk -key RecordType -value "BSPCreation" -context "sdk\\\\bsp/1549662208647"
# webtalk_add_data -client sdk -key uid -value "1549662212789" -context "sdk\\\\application/1549662212789"
# webtalk_add_data -client sdk -key hwid -value "1549661927572" -context "sdk\\\\application/1549662212789"
# webtalk_add_data -client sdk -key bspid -value "1549662208647" -context "sdk\\\\application/1549662212789"
# webtalk_add_data -client sdk -key newbsp -value "true" -context "sdk\\\\application/1549662212789"
# webtalk_add_data -client sdk -key os -value "standalone" -context "sdk\\\\application/1549662212789"
# webtalk_add_data -client sdk -key apptemplate -value "hello_world" -context "sdk\\\\application/1549662212789"
# webtalk_add_data -client sdk -key RecordType -value "APPCreation" -context "sdk\\\\application/1549662212789"
# webtalk_add_data -client sdk -key LangUsed -value "C" -context "sdk\\\\application/1549662212789"
# webtalk_add_data -client sdk -key Procused -value "ps7_cortexa9" -context "sdk\\\\application/1549662212789"
# webtalk_add_data -client sdk -key projSize -value "242.15234375" -context "sdk\\\\application/1549662212789"
# webtalk_add_data -client sdk -key uid -value "NA" -context "sdk\\\\bsp/1549662483920"
# webtalk_add_data -client sdk -key RecordType -value "ToolUsage" -context "sdk\\\\bsp/1549662483920"
# webtalk_add_data -client sdk -key BootgenCount -value "0" -context "sdk\\\\bsp/1549662483920"
# webtalk_add_data -client sdk -key DebugCount -value "0" -context "sdk\\\\bsp/1549662483920"
# webtalk_add_data -client sdk -key PerfCount -value "0" -context "sdk\\\\bsp/1549662483920"
# webtalk_add_data -client sdk -key FlashCount -value "0" -context "sdk\\\\bsp/1549662483920"
# webtalk_add_data -client sdk -key CrossTriggCount -value "0" -context "sdk\\\\bsp/1549662483920"
# webtalk_add_data -client sdk -key QemuDebugCount -value "0" -context "sdk\\\\bsp/1549662483920"
# webtalk_transmit -clientid 2566145438 -regid "211443915_0_0_223" -xml C:\\Users\\murakar\\xup\\embedded\\2015_2_zynq_labs\\ECE530_final_project\\ECE530_final_project.sdk\\webtalk\\usage_statistics_ext_sdk.xml -html C:\\Users\\murakar\\xup\\embedded\\2015_2_zynq_labs\\ECE530_final_project\\ECE530_final_project.sdk\\webtalk\\usage_statistics_ext_sdk.html -wdm C:\\Users\\murakar\\xup\\embedded\\2015_2_zynq_labs\\ECE530_final_project\\ECE530_final_project.sdk\\webtalk\\sdk_webtalk.wdm -intro "<H3>SDK Usage Report</H3><BR>"
# webtalk_terminate
INFO: [Common 17-206] Exiting Webtalk at Fri Feb  8 16:48:08 2019...
